I:\DROPBOX\DOCUMENTS\UNI WORK\GRAPHICS AND GAMES\ASSIGNMENT\SOLAR SYSTEM LIGHTING\FRUSTRUM\RELEASE\MAIN.OBJ
I:\DROPBOX\DOCUMENTS\UNI WORK\GRAPHICS AND GAMES\ASSIGNMENT\SOLAR SYSTEM LIGHTING\FRUSTRUM\RELEASE\VECTOR.OBJ
I:\DROPBOX\DOCUMENTS\UNI WORK\GRAPHICS AND GAMES\ASSIGNMENT\SOLAR SYSTEM LIGHTING\FRUSTRUM\RELEASE\SHAPES.OBJ
I:\DROPBOX\DOCUMENTS\UNI WORK\GRAPHICS AND GAMES\ASSIGNMENT\SOLAR SYSTEM LIGHTING\FRUSTRUM\RELEASE\QUATERNION.OBJ
I:\DROPBOX\DOCUMENTS\UNI WORK\GRAPHICS AND GAMES\ASSIGNMENT\SOLAR SYSTEM LIGHTING\FRUSTRUM\RELEASE\MODELS.OBJ
I:\DROPBOX\DOCUMENTS\UNI WORK\GRAPHICS AND GAMES\ASSIGNMENT\SOLAR SYSTEM LIGHTING\FRUSTRUM\RELEASE\MATERIAL.OBJ
I:\DROPBOX\DOCUMENTS\UNI WORK\GRAPHICS AND GAMES\ASSIGNMENT\SOLAR SYSTEM LIGHTING\FRUSTRUM\RELEASE\LIGHTS.OBJ
I:\DROPBOX\DOCUMENTS\UNI WORK\GRAPHICS AND GAMES\ASSIGNMENT\SOLAR SYSTEM LIGHTING\FRUSTRUM\RELEASE\IMAGELOADER.OBJ
I:\DROPBOX\DOCUMENTS\UNI WORK\GRAPHICS AND GAMES\ASSIGNMENT\SOLAR SYSTEM LIGHTING\FRUSTRUM\RELEASE\CAMERA.OBJ
I:\DROPBOX\DOCUMENTS\UNI WORK\GRAPHICS AND GAMES\ASSIGNMENT\SOLAR SYSTEM LIGHTING\FRUSTRUM\RELEASE\VC110.PDB
I:\DROPBOX\DOCUMENTS\UNI WORK\GRAPHICS AND GAMES\ASSIGNMENT\SOLAR SYSTEM LIGHTING\RELEASE\ASSIGNMENT 1.EXE
I:\DROPBOX\DOCUMENTS\UNI WORK\GRAPHICS AND GAMES\ASSIGNMENT\SOLAR SYSTEM LIGHTING\RELEASE\ASSIGNMENT 1.PDB
I:\Dropbox\Documents\Uni Work\Graphics and games\Assignment\Solar system lighting\Frustrum\Release\Camera.obj
I:\Dropbox\Documents\Uni Work\Graphics and games\Assignment\Solar system lighting\Frustrum\Release\imageloader.obj
I:\Dropbox\Documents\Uni Work\Graphics and games\Assignment\Solar system lighting\Frustrum\Release\Lights.obj
I:\Dropbox\Documents\Uni Work\Graphics and games\Assignment\Solar system lighting\Frustrum\Release\Main.obj
I:\Dropbox\Documents\Uni Work\Graphics and games\Assignment\Solar system lighting\Frustrum\Release\Material.obj
I:\Dropbox\Documents\Uni Work\Graphics and games\Assignment\Solar system lighting\Frustrum\Release\Models.obj
I:\Dropbox\Documents\Uni Work\Graphics and games\Assignment\Solar system lighting\Frustrum\Release\Quaternion.obj
I:\Dropbox\Documents\Uni Work\Graphics and games\Assignment\Solar system lighting\Frustrum\Release\Shapes.obj
I:\Dropbox\Documents\Uni Work\Graphics and games\Assignment\Solar system lighting\Frustrum\Release\Vector.obj
I:\Dropbox\Documents\Uni Work\Graphics and games\Assignment\Solar system lighting\Frustrum\Release\cl.command.1.tlog
I:\Dropbox\Documents\Uni Work\Graphics and games\Assignment\Solar system lighting\Frustrum\Release\CL.read.1.tlog
I:\Dropbox\Documents\Uni Work\Graphics and games\Assignment\Solar system lighting\Frustrum\Release\CL.write.1.tlog
I:\Dropbox\Documents\Uni Work\Graphics and games\Assignment\Solar system lighting\Frustrum\Release\link-cvtres.read.1.tlog
I:\Dropbox\Documents\Uni Work\Graphics and games\Assignment\Solar system lighting\Frustrum\Release\link-cvtres.write.1.tlog
I:\Dropbox\Documents\Uni Work\Graphics and games\Assignment\Solar system lighting\Frustrum\Release\link-rc.read.1.tlog
I:\Dropbox\Documents\Uni Work\Graphics and games\Assignment\Solar system lighting\Frustrum\Release\link-rc.write.1.tlog
I:\Dropbox\Documents\Uni Work\Graphics and games\Assignment\Solar system lighting\Frustrum\Release\link.command.1.tlog
I:\Dropbox\Documents\Uni Work\Graphics and games\Assignment\Solar system lighting\Frustrum\Release\link.read.1.tlog
I:\Dropbox\Documents\Uni Work\Graphics and games\Assignment\Solar system lighting\Frustrum\Release\link.write.1.tlog
I:\Dropbox\Documents\Uni Work\Graphics and games\Assignment\Solar system lighting\Frustrum\Release\vc110.pdb
I:\Dropbox\Documents\Uni Work\Graphics and games\Assignment\Solar system lighting\Release\Assignment 1.pdb
I:\Dropbox\Documents\Uni Work\Graphics and games\Assignment\Solar system lighting\Release\Assignment 1.exe
