Build started 21/01/2013 21:47:23.
     1>Project "I:\Dropbox\Documents\Uni Work\Advanced Software dev\Assignment\Matrix class\Matrix class\Matrix class.vcxproj" on node 2 (Rebuild target(s)).
     1>ClCompile:
         C:\Program Files (x86)\Microsoft Visual Studio 11.0\VC\bin\CL.exe /c /ZI /nologo /W3 /WX- /Od /Oy- /D WIN32 /D _DEBUG /D _CONSOLE /D _UNICODE /D UNICODE /Gm /EHsc /RTC1 /MDd /GS /arch:IA32 /fp:precise /Zc:wchar_t /Zc:forScope /Fo"Debug\\" /Fd"Debug\vc110.pdb" /Gd /TP /analyze- /errorReport:prompt binaryImage.cpp Main.cpp Matrix.cpp ReadWrite_Example.cpp
         ReadWrite_Example.cpp
     1>i:\dropbox\documents\uni work\advanced software dev\assignment\matrix class\matrix class\readwrite_example.cpp(91): warning C4101: 'j' : unreferenced local variable
     1>i:\dropbox\documents\uni work\advanced software dev\assignment\matrix class\matrix class\readwrite_example.cpp(128): warning C4101: 'j' : unreferenced local variable
         Matrix.cpp
         Main.cpp
         binaryImage.cpp
         Generating Code...
       Link:
         C:\Program Files (x86)\Microsoft Visual Studio 11.0\VC\bin\link.exe /ERRORREPORT:PROMPT /OUT:"I:\Dropbox\Documents\Uni Work\Advanced Software dev\Assignment\Matrix class\Debug\Matrix class.exe" /INCREMENTAL /NOLOGO kernel32.lib user32.lib gdi32.lib winspool.lib comdlg32.lib advapi32.lib shell32.lib ole32.lib oleaut32.lib uuid.lib odbc32.lib odbccp32.lib /MANIFEST /MANIFESTUAC:"level='asInvoker' uiAccess='false'" /manifest:embed /DEBUG /PDB:"I:\Dropbox\Documents\Uni Work\Advanced Software dev\Assignment\Matrix class\Debug\Matrix class.pdb" /SUBSYSTEM:CONSOLE /TLBID:1 /DYNAMICBASE /NXCOMPAT /IMPLIB:"I:\Dropbox\Documents\Uni Work\Advanced Software dev\Assignment\Matrix class\Debug\Matrix class.lib" /MACHINE:X86 Debug\binaryImage.obj
         Debug\Main.obj
         Debug\Matrix.obj
         Debug\ReadWrite_Example.obj
         Matrix class.vcxproj -> I:\Dropbox\Documents\Uni Work\Advanced Software dev\Assignment\Matrix class\Debug\Matrix class.exe
     1>Done Building Project "I:\Dropbox\Documents\Uni Work\Advanced Software dev\Assignment\Matrix class\Matrix class\Matrix class.vcxproj" (Rebuild target(s)).

Project Performance Summary:
     4626 ms  I:\Dropbox\Documents\Uni Work\Advanced Software dev\Assignment\Matrix class\Matrix class\Matrix class.vcxproj   1 calls
               4626 ms  Rebuild                                    1 calls

Target Performance Summary:
        0 ms  ResolveAssemblyReferences                  1 calls
        0 ms  ComputeCLCompileGeneratedXDCFiles          1 calls
        0 ms  SelectCustomBuild                          1 calls
        0 ms  ComputeManifestGeneratedLinkerInputs       1 calls
        0 ms  ResolveReferences                          1 calls
        0 ms  SelectClCompile                            1 calls
        0 ms  GetCopyToOutputDirectoryXamlAppDefs        1 calls
        0 ms  GetResolvedWinMD                           1 calls
        0 ms  _Manifest                                  1 calls
        0 ms  CleanReferencedProjects                    1 calls
        0 ms  _PrepareForBuild                           1 calls
        0 ms  PostBuildEvent                             1 calls
        0 ms  _Midl                                      1 calls
        0 ms  BeforeClean                                1 calls
        0 ms  _ClCompile                                 1 calls
        0 ms  CreateCustomManifestResourceNames          1 calls
        0 ms  AfterCppClean                              1 calls
        0 ms  AfterRebuild                               1 calls
        0 ms  ComputeCLInputPDBName                      1 calls
        0 ms  BeforeLink                                 1 calls
        0 ms  AfterBuild                                 1 calls
        0 ms  AfterBuildCompileEvent                     1 calls
        0 ms  AfterClCompile                             1 calls
        0 ms  BuildCompileTraverse                       1 calls
        0 ms  ExpandSDKReferences                        1 calls
        0 ms  Clean                                      1 calls
        0 ms  BuildGenerateSources                       1 calls
        0 ms  _CopySourceItemsToOutputDirectory          1 calls
        0 ms  ComputeLinkImportLibraryOutputsForClean    1 calls
        0 ms  GetFrameworkPaths                          1 calls
        0 ms  AfterResourceCompile                       1 calls
        0 ms  _Xsd                                       1 calls
        0 ms  AfterBuildGenerateSources                  1 calls
        0 ms  Rebuild                                    1 calls
        0 ms  MakeDirsForBscMake                         1 calls
        0 ms  BeforeRebuild                              1 calls
        0 ms  GetCopyToOutputDirectoryItems              1 calls
        0 ms  MakeDirsForResourceCompile                 1 calls
        0 ms  ComputeLinkInputsFromProject               1 calls
        0 ms  BeforeCppClean                             1 calls
        0 ms  _Link                                      1 calls
        0 ms  BuildLinkTraverse                          1 calls
        0 ms  ComputeRCOutputs                           1 calls
        0 ms  _XdcMake                                   1 calls
        0 ms  CreateSatelliteAssemblies                  1 calls
        0 ms  CopyFilesToOutputDirectory                 1 calls
        0 ms  AfterClean                                 1 calls
        0 ms  ComputeCLCompileGeneratedSbrFiles          1 calls
        0 ms  _ResourceCompile                           1 calls
        0 ms  _BuildLinkAction                           1 calls
        0 ms  ComputeMIDLGeneratedCompileInputs          1 calls
        0 ms  AfterMidl                                  1 calls
        0 ms  PrepareResourceNames                       1 calls
        0 ms  AfterBuildGenerateSourcesEvent             1 calls
        0 ms  BeforeClCompile                            1 calls
        0 ms  BeforeResourceCompile                      1 calls
        0 ms  AfterResolveReferences                     1 calls
        0 ms  BeforeResolveReferences                    1 calls
        0 ms  PrepareForRun                              1 calls
        0 ms  PreBuildEvent                              1 calls
        0 ms  AfterLink                                  1 calls
        0 ms  MakeDirsForMidl                            1 calls
        0 ms  _Appverifier                               1 calls
        0 ms  _BuildGenerateSourcesAction                1 calls
        0 ms  BuildLink                                  1 calls
        0 ms  ResolveSDKReferences                       1 calls
        0 ms  _ALink                                     1 calls
        0 ms  ComputeCLGeneratedLinkInputs               1 calls
        0 ms  _SplitProjectReferencesByFileExistence     1 calls
        0 ms  BuildGenerateSourcesTraverse               1 calls
        0 ms  _BscMake                                   1 calls
        0 ms  ComputeRCGeneratedLinkInputs               1 calls
        0 ms  _SelectedFiles                             1 calls
        0 ms  ResolvedXDCMake                            1 calls
        0 ms  Build                                      1 calls
        0 ms  _Deploy                                    1 calls
        0 ms  BeforeBuildGenerateSources                 1 calls
        0 ms  _GenerateSatelliteAssemblyInputs           1 calls
        0 ms  PreLinkEvent                               1 calls
        0 ms  _PrepareForReferenceResolution             1 calls
        0 ms  CppClean                                   1 calls
        0 ms  _BuildCompileAction                        1 calls
        0 ms  BuildCompile                               1 calls
        0 ms  GetInstalledSDKLocations                   1 calls
        1 ms  PGInstrumentedClean                        1 calls
        1 ms  MakeDirsForXdcMake                         1 calls
        1 ms  ComputeLegacyManifestEmbedding             1 calls
        1 ms  MakeDirsForLink                            1 calls
        1 ms  ComputeLinkSwitches                        1 calls
        1 ms  ComputeCLOutputs                           1 calls
        1 ms  _CheckForCompileOutputs                    1 calls
        1 ms  ResolveProjectReferences                   1 calls
        1 ms  ComputeCustomBuildOutput                   1 calls
        1 ms  ComputeManifestInputsTargets               1 calls
        1 ms  AssignTargetPaths                          1 calls
        1 ms  _PrepareForRebuild                         1 calls
        1 ms  PrepareForBuild                            1 calls
        1 ms  SplitResourcesByCulture                    1 calls
        1 ms  GetReferenceAssemblyPaths                  1 calls
        1 ms  ComputeReferenceCLInput                    1 calls
        1 ms  DoLinkOutputFilesMatch                     1 calls
        1 ms  PlatformPrepareForBuild                    1 calls
        1 ms  RegisterOutput                             1 calls
        1 ms  CleanPublishFolder                         1 calls
        2 ms  MakeDirsForCl                              1 calls
        2 ms  AssignProjectConfiguration                 1 calls
        2 ms  _PrepareForClean                           1 calls
        2 ms  SetBuildDefaultEnvironmentVariables        1 calls
        3 ms  FinalizeBuildStatus                        1 calls
        5 ms  InitializeBuildStatus                      1 calls
        5 ms  CoreClean                                  1 calls
       11 ms  _CheckForInvalidConfigurationAndPlatform   1 calls
       16 ms  CoreCppClean                               1 calls
      330 ms  Link                                       1 calls
     4177 ms  ClCompile                                  1 calls

Build succeeded.

Time Elapsed 00:00:04.63
