I:\DROPBOX\DOCUMENTS\UNI WORK\ADVANCED SOFTWARE DEV\ASSIGNMENT\MATRIX CLASS\MATRIX CLASS\DEBUG\BINARYIMAGE.OBJ
I:\DROPBOX\DOCUMENTS\UNI WORK\ADVANCED SOFTWARE DEV\ASSIGNMENT\MATRIX CLASS\MATRIX CLASS\DEBUG\MAIN.OBJ
I:\DROPBOX\DOCUMENTS\UNI WORK\ADVANCED SOFTWARE DEV\ASSIGNMENT\MATRIX CLASS\MATRIX CLASS\DEBUG\MATRIX.OBJ
I:\DROPBOX\DOCUMENTS\UNI WORK\ADVANCED SOFTWARE DEV\ASSIGNMENT\MATRIX CLASS\MATRIX CLASS\DEBUG\READWRITE_EXAMPLE.OBJ
I:\DROPBOX\DOCUMENTS\UNI WORK\ADVANCED SOFTWARE DEV\ASSIGNMENT\MATRIX CLASS\MATRIX CLASS\DEBUG\VC110.PDB
I:\DROPBOX\DOCUMENTS\UNI WORK\ADVANCED SOFTWARE DEV\ASSIGNMENT\MATRIX CLASS\DEBUG\MATRIX CLASS.ILK
I:\DROPBOX\DOCUMENTS\UNI WORK\ADVANCED SOFTWARE DEV\ASSIGNMENT\MATRIX CLASS\DEBUG\MATRIX CLASS.EXE
I:\DROPBOX\DOCUMENTS\UNI WORK\ADVANCED SOFTWARE DEV\ASSIGNMENT\MATRIX CLASS\DEBUG\MATRIX CLASS.PDB
I:\Dropbox\Documents\Uni Work\Advanced Software dev\Assignment\Matrix class\Matrix class\Debug\binaryImage.obj
I:\Dropbox\Documents\Uni Work\Advanced Software dev\Assignment\Matrix class\Matrix class\Debug\Main.obj
I:\Dropbox\Documents\Uni Work\Advanced Software dev\Assignment\Matrix class\Matrix class\Debug\Matrix.obj
I:\Dropbox\Documents\Uni Work\Advanced Software dev\Assignment\Matrix class\Matrix class\Debug\ReadWrite_Example.obj
I:\Dropbox\Documents\Uni Work\Advanced Software dev\Assignment\Matrix class\Matrix class\Debug\cl.command.1.tlog
I:\Dropbox\Documents\Uni Work\Advanced Software dev\Assignment\Matrix class\Matrix class\Debug\CL.read.1.tlog
I:\Dropbox\Documents\Uni Work\Advanced Software dev\Assignment\Matrix class\Matrix class\Debug\CL.write.1.tlog
I:\Dropbox\Documents\Uni Work\Advanced Software dev\Assignment\Matrix class\Matrix class\Debug\link-cvtres.read.1.tlog
I:\Dropbox\Documents\Uni Work\Advanced Software dev\Assignment\Matrix class\Matrix class\Debug\link-cvtres.write.1.tlog
I:\Dropbox\Documents\Uni Work\Advanced Software dev\Assignment\Matrix class\Matrix class\Debug\link-rc.read.1.tlog
I:\Dropbox\Documents\Uni Work\Advanced Software dev\Assignment\Matrix class\Matrix class\Debug\link-rc.write.1.tlog
I:\Dropbox\Documents\Uni Work\Advanced Software dev\Assignment\Matrix class\Matrix class\Debug\link.command.1.tlog
I:\Dropbox\Documents\Uni Work\Advanced Software dev\Assignment\Matrix class\Matrix class\Debug\link.read.1.tlog
I:\Dropbox\Documents\Uni Work\Advanced Software dev\Assignment\Matrix class\Matrix class\Debug\link.write.1.tlog
I:\Dropbox\Documents\Uni Work\Advanced Software dev\Assignment\Matrix class\Matrix class\Debug\vc110.idb
I:\Dropbox\Documents\Uni Work\Advanced Software dev\Assignment\Matrix class\Matrix class\Debug\vc110.pdb
I:\Dropbox\Documents\Uni Work\Advanced Software dev\Assignment\Matrix class\Debug\Matrix class.pdb
I:\Dropbox\Documents\Uni Work\Advanced Software dev\Assignment\Matrix class\Debug\Matrix class.exe
I:\Dropbox\Documents\Uni Work\Advanced Software dev\Assignment\Matrix class\Debug\Matrix class.ilk
