f:\uni\year three\game engines\recovered game engines - copy\debug\externals.obj
f:\uni\year three\game engines\recovered game engines - copy\debug\gamelogic.obj
f:\uni\year three\game engines\recovered game engines - copy\debug\joints.obj
f:\uni\year three\game engines\recovered game engines - copy\debug\objects.obj
f:\uni\year three\game engines\recovered game engines - copy\debug\scene.obj
f:\uni\year three\game engines\recovered game engines - copy\debug\shapes.obj
f:\uni\year three\game engines\recovered game engines - copy\debug\physicsengine.obj
f:\uni\year three\game engines\recovered game engines - copy\debug\simulationcallback.obj
f:\uni\year three\game engines\recovered game engines - copy\debug\visualdebugger.obj
f:\uni\year three\game engines\recovered game engines - copy\debug\assignment 1.obj
f:\uni\year three\game engines\recovered game engines - copy\debug\camera.obj
f:\uni\year three\game engines\recovered game engines - copy\debug\glfontrenderer.obj
f:\uni\year three\game engines\recovered game engines - copy\debug\renderer.obj
f:\uni\year three\game engines\recovered game engines - copy\debug\vc100.pdb
f:\uni\year three\game engines\pea1018700_cgp3001m_item1\debug\externals.obj
f:\uni\year three\game engines\pea1018700_cgp3001m_item1\debug\gamelogic.obj
f:\uni\year three\game engines\pea1018700_cgp3001m_item1\debug\joints.obj
f:\uni\year three\game engines\pea1018700_cgp3001m_item1\debug\objects.obj
f:\uni\year three\game engines\pea1018700_cgp3001m_item1\debug\scene.obj
f:\uni\year three\game engines\pea1018700_cgp3001m_item1\debug\shapes.obj
f:\uni\year three\game engines\pea1018700_cgp3001m_item1\debug\physicsengine.obj
f:\uni\year three\game engines\pea1018700_cgp3001m_item1\debug\simulationcallback.obj
f:\uni\year three\game engines\pea1018700_cgp3001m_item1\debug\visualdebugger.obj
f:\uni\year three\game engines\pea1018700_cgp3001m_item1\debug\assignment 1.obj
f:\uni\year three\game engines\pea1018700_cgp3001m_item1\debug\camera.obj
f:\uni\year three\game engines\pea1018700_cgp3001m_item1\debug\glfontrenderer.obj
f:\uni\year three\game engines\pea1018700_cgp3001m_item1\debug\renderer.obj
f:\uni\year three\game engines\pea1018700_cgp3001m_item1\debug\vc100.pdb
f:\uni\year three\game engines\recovered game engines - copy\debug\assignment 1.ilk
f:\uni\year three\game engines\recovered game engines - copy\debug\assignment 1.exe
f:\uni\year three\game engines\recovered game engines - copy\debug\assignment 1.exe.intermediate.manifest
f:\uni\year three\game engines\recovered game engines - copy\debug\assignment 1.pdb
f:\uni\year three\game engines\pea1018700_cgp3001m_item1\debug\assignment 1.ilk
f:\uni\year three\game engines\pea1018700_cgp3001m_item1\debug\assignment 1.exe
f:\uni\year three\game engines\pea1018700_cgp3001m_item1\debug\assignment 1.exe.intermediate.manifest
f:\uni\year three\game engines\pea1018700_cgp3001m_item1\debug\assignment 1.pdb
c:\users\sam\documents\uni programming\third year\pea1018700_cgp3001m_item1\debug\vc120.pdb
c:\users\sam\documents\uni programming\third year\pea1018700_cgp3001m_item1\debug\vc120.idb
c:\users\sam\documents\uni programming\third year\pea1018700_cgp3001m_item1\debug\externals.obj
c:\users\sam\documents\uni programming\third year\pea1018700_cgp3001m_item1\debug\gamelogic.obj
c:\users\sam\documents\uni programming\third year\pea1018700_cgp3001m_item1\debug\joints.obj
c:\users\sam\documents\uni programming\third year\pea1018700_cgp3001m_item1\debug\objects.obj
c:\users\sam\documents\uni programming\third year\pea1018700_cgp3001m_item1\debug\scene.obj
c:\users\sam\documents\uni programming\third year\pea1018700_cgp3001m_item1\debug\shapes.obj
c:\users\sam\documents\uni programming\third year\pea1018700_cgp3001m_item1\debug\physicsengine.obj
c:\users\sam\documents\uni programming\third year\pea1018700_cgp3001m_item1\debug\simulationcallback.obj
c:\users\sam\documents\uni programming\third year\pea1018700_cgp3001m_item1\debug\visualdebugger.obj
c:\users\sam\documents\uni programming\third year\pea1018700_cgp3001m_item1\debug\assignment 1.obj
c:\users\sam\documents\uni programming\third year\pea1018700_cgp3001m_item1\debug\camera.obj
c:\users\sam\documents\uni programming\third year\pea1018700_cgp3001m_item1\debug\glfontrenderer.obj
c:\users\sam\documents\uni programming\third year\pea1018700_cgp3001m_item1\debug\renderer.obj
c:\users\sam\documents\uni programming\third year\pea1018700_cgp3001m_item1\debug\workshop 3.vcxprojresolveassemblyreference.cache
c:\users\sam\documents\uni programming\third year\pea1018700_cgp3001m_item1\debug\assignment 1.write.1.tlog
c:\users\sam\documents\uni programming\third year\pea1018700_cgp3001m_item1\debug\cl.command.1.tlog
c:\users\sam\documents\uni programming\third year\pea1018700_cgp3001m_item1\debug\cl.read.1.tlog
c:\users\sam\documents\uni programming\third year\pea1018700_cgp3001m_item1\debug\cl.write.1.tlog
c:\users\sam\documents\uni programming\third year\pea1018700_cgp3001m_item1\debug\link.command.1.tlog
c:\users\sam\documents\uni programming\third year\pea1018700_cgp3001m_item1\debug\link.read.1.tlog
c:\users\sam\documents\uni programming\third year\pea1018700_cgp3001m_item1\debug\link.read.2.tlog
c:\users\sam\documents\uni programming\third year\pea1018700_cgp3001m_item1\debug\link.write.1.tlog
c:\users\sam\documents\uni programming\third year\pea1018700_cgp3001m_item1\debug\mt.command.1.tlog
c:\users\sam\documents\uni programming\third year\pea1018700_cgp3001m_item1\debug\mt.read.1.tlog
c:\users\sam\documents\uni programming\third year\pea1018700_cgp3001m_item1\debug\mt.write.1.tlog
c:\users\sam\documents\uni programming\third year\pea1018700_cgp3001m_item1\debug\assignment 1.exe.intermediate.manifest
c:\users\sam\documents\uni programming\third year\pea1018700_cgp3001m_item1\debug\vc100.idb
c:\users\sam\documents\uni programming\third year\pea1018700_cgp3001m_item1\debug\assignment 1.pdb
c:\users\sam\documents\uni programming\third year\pea1018700_cgp3001m_item1\debug\vc100.pdb
c:\users\sam\documents\uni programming\third year\pea1018700_cgp3001m_item1\debug\assignment 1.tlog\cl.command.1.tlog
c:\users\sam\documents\uni programming\third year\pea1018700_cgp3001m_item1\debug\assignment 1.tlog\cl.read.1.tlog
c:\users\sam\documents\uni programming\third year\pea1018700_cgp3001m_item1\debug\assignment 1.tlog\cl.write.1.tlog
c:\users\sam\documents\uni programming\third year\pea1018700_cgp3001m_item1\debug\assignment 1.tlog\link-cvtres.read.1.tlog
c:\users\sam\documents\uni programming\third year\pea1018700_cgp3001m_item1\debug\assignment 1.tlog\link-cvtres.write.1.tlog
c:\users\sam\documents\uni programming\third year\pea1018700_cgp3001m_item1\debug\assignment 1.tlog\link-rc.read.1.tlog
c:\users\sam\documents\uni programming\third year\pea1018700_cgp3001m_item1\debug\assignment 1.tlog\link-rc.write.1.tlog
c:\users\sam\documents\uni programming\third year\pea1018700_cgp3001m_item1\debug\assignment 1.tlog\link.command.1.tlog
c:\users\sam\documents\uni programming\third year\pea1018700_cgp3001m_item1\debug\assignment 1.tlog\link.read.1.tlog
c:\users\sam\documents\uni programming\third year\pea1018700_cgp3001m_item1\debug\assignment 1.tlog\link.write.1.tlog
