I:\DROPBOX\DOCUMENTS\UNI WORK\ADVANCED SOFTWARE DEV\ASSIGNMENT\MATRIX CLASS\MATRIX CLASS\RELEASE\READWRITE_EXAMPLE.OBJ
I:\DROPBOX\DOCUMENTS\UNI WORK\ADVANCED SOFTWARE DEV\ASSIGNMENT\MATRIX CLASS\MATRIX CLASS\RELEASE\MATRIX.OBJ
I:\DROPBOX\DOCUMENTS\UNI WORK\ADVANCED SOFTWARE DEV\ASSIGNMENT\MATRIX CLASS\MATRIX CLASS\RELEASE\MAIN.OBJ
I:\DROPBOX\DOCUMENTS\UNI WORK\ADVANCED SOFTWARE DEV\ASSIGNMENT\MATRIX CLASS\MATRIX CLASS\RELEASE\BINARYIMAGE.OBJ
I:\DROPBOX\DOCUMENTS\UNI WORK\ADVANCED SOFTWARE DEV\ASSIGNMENT\MATRIX CLASS\MATRIX CLASS\RELEASE\VC110.PDB
I:\DROPBOX\DOCUMENTS\UNI WORK\ADVANCED SOFTWARE DEV\ASSIGNMENT\MATRIX CLASS\RELEASE\MATRIX CLASS.EXE
I:\DROPBOX\DOCUMENTS\UNI WORK\ADVANCED SOFTWARE DEV\ASSIGNMENT\MATRIX CLASS\RELEASE\MATRIX CLASS.PDB
I:\Dropbox\Documents\Uni Work\Advanced Software dev\Assignment\Matrix class\Matrix class\Release\binaryImage.obj
I:\Dropbox\Documents\Uni Work\Advanced Software dev\Assignment\Matrix class\Matrix class\Release\Main.obj
I:\Dropbox\Documents\Uni Work\Advanced Software dev\Assignment\Matrix class\Matrix class\Release\Matrix.obj
I:\Dropbox\Documents\Uni Work\Advanced Software dev\Assignment\Matrix class\Matrix class\Release\ReadWrite_Example.obj
I:\Dropbox\Documents\Uni Work\Advanced Software dev\Assignment\Matrix class\Matrix class\Release\cl.command.1.tlog
I:\Dropbox\Documents\Uni Work\Advanced Software dev\Assignment\Matrix class\Matrix class\Release\CL.read.1.tlog
I:\Dropbox\Documents\Uni Work\Advanced Software dev\Assignment\Matrix class\Matrix class\Release\CL.write.1.tlog
I:\Dropbox\Documents\Uni Work\Advanced Software dev\Assignment\Matrix class\Matrix class\Release\link-cvtres.read.1.tlog
I:\Dropbox\Documents\Uni Work\Advanced Software dev\Assignment\Matrix class\Matrix class\Release\link-cvtres.write.1.tlog
I:\Dropbox\Documents\Uni Work\Advanced Software dev\Assignment\Matrix class\Matrix class\Release\link-rc.read.1.tlog
I:\Dropbox\Documents\Uni Work\Advanced Software dev\Assignment\Matrix class\Matrix class\Release\link-rc.write.1.tlog
I:\Dropbox\Documents\Uni Work\Advanced Software dev\Assignment\Matrix class\Matrix class\Release\link.command.1.tlog
I:\Dropbox\Documents\Uni Work\Advanced Software dev\Assignment\Matrix class\Matrix class\Release\link.read.1.tlog
I:\Dropbox\Documents\Uni Work\Advanced Software dev\Assignment\Matrix class\Matrix class\Release\link.write.1.tlog
I:\Dropbox\Documents\Uni Work\Advanced Software dev\Assignment\Matrix class\Matrix class\Release\vc110.pdb
I:\Dropbox\Documents\Uni Work\Advanced Software dev\Assignment\Matrix class\Release\Matrix class.pdb
I:\Dropbox\Documents\Uni Work\Advanced Software dev\Assignment\Matrix class\Release\Matrix class.exe
