I:\DROPBOX\DOCUMENTS\UNI WORK\GRAPHICS AND GAMES\ASSIGNMENT\SOLAR SYSTEM LIGHTING\FRUSTRUM\DEBUG\CAMERA.OBJ
I:\DROPBOX\DOCUMENTS\UNI WORK\GRAPHICS AND GAMES\ASSIGNMENT\SOLAR SYSTEM LIGHTING\FRUSTRUM\DEBUG\IMAGELOADER.OBJ
I:\DROPBOX\DOCUMENTS\UNI WORK\GRAPHICS AND GAMES\ASSIGNMENT\SOLAR SYSTEM LIGHTING\FRUSTRUM\DEBUG\LIGHTS.OBJ
I:\DROPBOX\DOCUMENTS\UNI WORK\GRAPHICS AND GAMES\ASSIGNMENT\SOLAR SYSTEM LIGHTING\FRUSTRUM\DEBUG\MATERIAL.OBJ
I:\DROPBOX\DOCUMENTS\UNI WORK\GRAPHICS AND GAMES\ASSIGNMENT\SOLAR SYSTEM LIGHTING\FRUSTRUM\DEBUG\MODELS.OBJ
I:\DROPBOX\DOCUMENTS\UNI WORK\GRAPHICS AND GAMES\ASSIGNMENT\SOLAR SYSTEM LIGHTING\FRUSTRUM\DEBUG\QUATERNION.OBJ
I:\DROPBOX\DOCUMENTS\UNI WORK\GRAPHICS AND GAMES\ASSIGNMENT\SOLAR SYSTEM LIGHTING\FRUSTRUM\DEBUG\SHAPES.OBJ
I:\DROPBOX\DOCUMENTS\UNI WORK\GRAPHICS AND GAMES\ASSIGNMENT\SOLAR SYSTEM LIGHTING\FRUSTRUM\DEBUG\VECTOR.OBJ
I:\DROPBOX\DOCUMENTS\UNI WORK\GRAPHICS AND GAMES\ASSIGNMENT\SOLAR SYSTEM LIGHTING\FRUSTRUM\DEBUG\MAIN.OBJ
I:\DROPBOX\DOCUMENTS\UNI WORK\GRAPHICS AND GAMES\ASSIGNMENT\SOLAR SYSTEM LIGHTING\FRUSTRUM\DEBUG\VC110.PDB
I:\DROPBOX\DOCUMENTS\UNI WORK\GRAPHICS AND GAMES\ASSIGNMENT\SOLAR SYSTEM LIGHTING\DEBUG\ASSIGNMENT 1.ILK
I:\DROPBOX\DOCUMENTS\UNI WORK\GRAPHICS AND GAMES\ASSIGNMENT\SOLAR SYSTEM LIGHTING\DEBUG\ASSIGNMENT 1.EXE
I:\DROPBOX\DOCUMENTS\UNI WORK\GRAPHICS AND GAMES\ASSIGNMENT\SOLAR SYSTEM LIGHTING\DEBUG\ASSIGNMENT 1.PDB
I:\Dropbox\Documents\Uni Work\Graphics and games\Assignment\Solar system lighting\Frustrum\Debug\Camera.obj
I:\Dropbox\Documents\Uni Work\Graphics and games\Assignment\Solar system lighting\Frustrum\Debug\imageloader.obj
I:\Dropbox\Documents\Uni Work\Graphics and games\Assignment\Solar system lighting\Frustrum\Debug\Lights.obj
I:\Dropbox\Documents\Uni Work\Graphics and games\Assignment\Solar system lighting\Frustrum\Debug\Main.obj
I:\Dropbox\Documents\Uni Work\Graphics and games\Assignment\Solar system lighting\Frustrum\Debug\Material.obj
I:\Dropbox\Documents\Uni Work\Graphics and games\Assignment\Solar system lighting\Frustrum\Debug\Models.obj
I:\Dropbox\Documents\Uni Work\Graphics and games\Assignment\Solar system lighting\Frustrum\Debug\Quaternion.obj
I:\Dropbox\Documents\Uni Work\Graphics and games\Assignment\Solar system lighting\Frustrum\Debug\Shapes.obj
I:\Dropbox\Documents\Uni Work\Graphics and games\Assignment\Solar system lighting\Frustrum\Debug\Vector.obj
I:\Dropbox\Documents\Uni Work\Graphics and games\Assignment\Solar system lighting\Frustrum\Debug\cl.command.1.tlog
I:\Dropbox\Documents\Uni Work\Graphics and games\Assignment\Solar system lighting\Frustrum\Debug\CL.read.1.tlog
I:\Dropbox\Documents\Uni Work\Graphics and games\Assignment\Solar system lighting\Frustrum\Debug\CL.write.1.tlog
I:\Dropbox\Documents\Uni Work\Graphics and games\Assignment\Solar system lighting\Frustrum\Debug\link-cvtres.read.1.tlog
I:\Dropbox\Documents\Uni Work\Graphics and games\Assignment\Solar system lighting\Frustrum\Debug\link-cvtres.write.1.tlog
I:\Dropbox\Documents\Uni Work\Graphics and games\Assignment\Solar system lighting\Frustrum\Debug\link-rc.read.1.tlog
I:\Dropbox\Documents\Uni Work\Graphics and games\Assignment\Solar system lighting\Frustrum\Debug\link-rc.write.1.tlog
I:\Dropbox\Documents\Uni Work\Graphics and games\Assignment\Solar system lighting\Frustrum\Debug\link.11560-cvtres.read.1.tlog
I:\Dropbox\Documents\Uni Work\Graphics and games\Assignment\Solar system lighting\Frustrum\Debug\link.11560-cvtres.write.1.tlog
I:\Dropbox\Documents\Uni Work\Graphics and games\Assignment\Solar system lighting\Frustrum\Debug\link.11560-rc.read.1.tlog
I:\Dropbox\Documents\Uni Work\Graphics and games\Assignment\Solar system lighting\Frustrum\Debug\link.11560-rc.write.1.tlog
I:\Dropbox\Documents\Uni Work\Graphics and games\Assignment\Solar system lighting\Frustrum\Debug\link.11560.read.1.tlog
I:\Dropbox\Documents\Uni Work\Graphics and games\Assignment\Solar system lighting\Frustrum\Debug\link.11560.write.1.tlog
I:\Dropbox\Documents\Uni Work\Graphics and games\Assignment\Solar system lighting\Frustrum\Debug\link.12100-cvtres.read.1.tlog
I:\Dropbox\Documents\Uni Work\Graphics and games\Assignment\Solar system lighting\Frustrum\Debug\link.12100-cvtres.write.1.tlog
I:\Dropbox\Documents\Uni Work\Graphics and games\Assignment\Solar system lighting\Frustrum\Debug\link.12100-rc.read.1.tlog
I:\Dropbox\Documents\Uni Work\Graphics and games\Assignment\Solar system lighting\Frustrum\Debug\link.12100-rc.write.1.tlog
I:\Dropbox\Documents\Uni Work\Graphics and games\Assignment\Solar system lighting\Frustrum\Debug\link.12100.read.1.tlog
I:\Dropbox\Documents\Uni Work\Graphics and games\Assignment\Solar system lighting\Frustrum\Debug\link.12100.write.1.tlog
I:\Dropbox\Documents\Uni Work\Graphics and games\Assignment\Solar system lighting\Frustrum\Debug\link.12372-cvtres.read.1.tlog
I:\Dropbox\Documents\Uni Work\Graphics and games\Assignment\Solar system lighting\Frustrum\Debug\link.12372-cvtres.write.1.tlog
I:\Dropbox\Documents\Uni Work\Graphics and games\Assignment\Solar system lighting\Frustrum\Debug\link.12372-rc.read.1.tlog
I:\Dropbox\Documents\Uni Work\Graphics and games\Assignment\Solar system lighting\Frustrum\Debug\link.12372-rc.write.1.tlog
I:\Dropbox\Documents\Uni Work\Graphics and games\Assignment\Solar system lighting\Frustrum\Debug\link.12372.read.1.tlog
I:\Dropbox\Documents\Uni Work\Graphics and games\Assignment\Solar system lighting\Frustrum\Debug\link.12372.write.1.tlog
I:\Dropbox\Documents\Uni Work\Graphics and games\Assignment\Solar system lighting\Frustrum\Debug\link.12584-cvtres.read.1.tlog
I:\Dropbox\Documents\Uni Work\Graphics and games\Assignment\Solar system lighting\Frustrum\Debug\link.12584-cvtres.write.1.tlog
I:\Dropbox\Documents\Uni Work\Graphics and games\Assignment\Solar system lighting\Frustrum\Debug\link.12584-rc.read.1.tlog
I:\Dropbox\Documents\Uni Work\Graphics and games\Assignment\Solar system lighting\Frustrum\Debug\link.12584-rc.write.1.tlog
I:\Dropbox\Documents\Uni Work\Graphics and games\Assignment\Solar system lighting\Frustrum\Debug\link.12584.read.1.tlog
I:\Dropbox\Documents\Uni Work\Graphics and games\Assignment\Solar system lighting\Frustrum\Debug\link.12584.write.1.tlog
I:\Dropbox\Documents\Uni Work\Graphics and games\Assignment\Solar system lighting\Frustrum\Debug\link.2496-cvtres.read.1.tlog
I:\Dropbox\Documents\Uni Work\Graphics and games\Assignment\Solar system lighting\Frustrum\Debug\link.2496-cvtres.write.1.tlog
I:\Dropbox\Documents\Uni Work\Graphics and games\Assignment\Solar system lighting\Frustrum\Debug\link.2496-rc.read.1.tlog
I:\Dropbox\Documents\Uni Work\Graphics and games\Assignment\Solar system lighting\Frustrum\Debug\link.2496-rc.write.1.tlog
I:\Dropbox\Documents\Uni Work\Graphics and games\Assignment\Solar system lighting\Frustrum\Debug\link.2496.read.1.tlog
I:\Dropbox\Documents\Uni Work\Graphics and games\Assignment\Solar system lighting\Frustrum\Debug\link.2496.write.1.tlog
I:\Dropbox\Documents\Uni Work\Graphics and games\Assignment\Solar system lighting\Frustrum\Debug\link.5136-cvtres.read.1.tlog
I:\Dropbox\Documents\Uni Work\Graphics and games\Assignment\Solar system lighting\Frustrum\Debug\link.5136-cvtres.write.1.tlog
I:\Dropbox\Documents\Uni Work\Graphics and games\Assignment\Solar system lighting\Frustrum\Debug\link.5136-rc.read.1.tlog
I:\Dropbox\Documents\Uni Work\Graphics and games\Assignment\Solar system lighting\Frustrum\Debug\link.5136-rc.write.1.tlog
I:\Dropbox\Documents\Uni Work\Graphics and games\Assignment\Solar system lighting\Frustrum\Debug\link.5136.read.1.tlog
I:\Dropbox\Documents\Uni Work\Graphics and games\Assignment\Solar system lighting\Frustrum\Debug\link.5136.write.1.tlog
I:\Dropbox\Documents\Uni Work\Graphics and games\Assignment\Solar system lighting\Frustrum\Debug\link.5892-cvtres.read.1.tlog
I:\Dropbox\Documents\Uni Work\Graphics and games\Assignment\Solar system lighting\Frustrum\Debug\link.5892-cvtres.write.1.tlog
I:\Dropbox\Documents\Uni Work\Graphics and games\Assignment\Solar system lighting\Frustrum\Debug\link.5892-rc.read.1.tlog
I:\Dropbox\Documents\Uni Work\Graphics and games\Assignment\Solar system lighting\Frustrum\Debug\link.5892-rc.write.1.tlog
I:\Dropbox\Documents\Uni Work\Graphics and games\Assignment\Solar system lighting\Frustrum\Debug\link.5892.read.1.tlog
I:\Dropbox\Documents\Uni Work\Graphics and games\Assignment\Solar system lighting\Frustrum\Debug\link.5892.write.1.tlog
I:\Dropbox\Documents\Uni Work\Graphics and games\Assignment\Solar system lighting\Frustrum\Debug\link.6640-cvtres.read.1.tlog
I:\Dropbox\Documents\Uni Work\Graphics and games\Assignment\Solar system lighting\Frustrum\Debug\link.6640-cvtres.write.1.tlog
I:\Dropbox\Documents\Uni Work\Graphics and games\Assignment\Solar system lighting\Frustrum\Debug\link.6640-rc.read.1.tlog
I:\Dropbox\Documents\Uni Work\Graphics and games\Assignment\Solar system lighting\Frustrum\Debug\link.6640-rc.write.1.tlog
I:\Dropbox\Documents\Uni Work\Graphics and games\Assignment\Solar system lighting\Frustrum\Debug\link.6640.read.1.tlog
I:\Dropbox\Documents\Uni Work\Graphics and games\Assignment\Solar system lighting\Frustrum\Debug\link.6640.write.1.tlog
I:\Dropbox\Documents\Uni Work\Graphics and games\Assignment\Solar system lighting\Frustrum\Debug\link.6868-cvtres.read.1.tlog
I:\Dropbox\Documents\Uni Work\Graphics and games\Assignment\Solar system lighting\Frustrum\Debug\link.6868-cvtres.write.1.tlog
I:\Dropbox\Documents\Uni Work\Graphics and games\Assignment\Solar system lighting\Frustrum\Debug\link.6868-rc.read.1.tlog
I:\Dropbox\Documents\Uni Work\Graphics and games\Assignment\Solar system lighting\Frustrum\Debug\link.6868-rc.write.1.tlog
I:\Dropbox\Documents\Uni Work\Graphics and games\Assignment\Solar system lighting\Frustrum\Debug\link.6868.read.1.tlog
I:\Dropbox\Documents\Uni Work\Graphics and games\Assignment\Solar system lighting\Frustrum\Debug\link.6868.write.1.tlog
I:\Dropbox\Documents\Uni Work\Graphics and games\Assignment\Solar system lighting\Frustrum\Debug\link.8248-cvtres.read.1.tlog
I:\Dropbox\Documents\Uni Work\Graphics and games\Assignment\Solar system lighting\Frustrum\Debug\link.8248-cvtres.write.1.tlog
I:\Dropbox\Documents\Uni Work\Graphics and games\Assignment\Solar system lighting\Frustrum\Debug\link.8248-rc.read.1.tlog
I:\Dropbox\Documents\Uni Work\Graphics and games\Assignment\Solar system lighting\Frustrum\Debug\link.8248-rc.write.1.tlog
I:\Dropbox\Documents\Uni Work\Graphics and games\Assignment\Solar system lighting\Frustrum\Debug\link.8248.read.1.tlog
I:\Dropbox\Documents\Uni Work\Graphics and games\Assignment\Solar system lighting\Frustrum\Debug\link.8248.write.1.tlog
I:\Dropbox\Documents\Uni Work\Graphics and games\Assignment\Solar system lighting\Frustrum\Debug\link.9036-cvtres.read.1.tlog
I:\Dropbox\Documents\Uni Work\Graphics and games\Assignment\Solar system lighting\Frustrum\Debug\link.9036-cvtres.write.1.tlog
I:\Dropbox\Documents\Uni Work\Graphics and games\Assignment\Solar system lighting\Frustrum\Debug\link.9036-rc.read.1.tlog
I:\Dropbox\Documents\Uni Work\Graphics and games\Assignment\Solar system lighting\Frustrum\Debug\link.9036-rc.write.1.tlog
I:\Dropbox\Documents\Uni Work\Graphics and games\Assignment\Solar system lighting\Frustrum\Debug\link.9036.read.1.tlog
I:\Dropbox\Documents\Uni Work\Graphics and games\Assignment\Solar system lighting\Frustrum\Debug\link.9036.write.1.tlog
I:\Dropbox\Documents\Uni Work\Graphics and games\Assignment\Solar system lighting\Frustrum\Debug\link.command.1.tlog
I:\Dropbox\Documents\Uni Work\Graphics and games\Assignment\Solar system lighting\Frustrum\Debug\link.read.1.tlog
I:\Dropbox\Documents\Uni Work\Graphics and games\Assignment\Solar system lighting\Frustrum\Debug\link.write.1.tlog
I:\Dropbox\Documents\Uni Work\Graphics and games\Assignment\Solar system lighting\Frustrum\Debug\vc110.idb
I:\Dropbox\Documents\Uni Work\Graphics and games\Assignment\Solar system lighting\Frustrum\Debug\vc110.pdb
I:\Dropbox\Documents\Uni Work\Graphics and games\Assignment\Solar system lighting\Debug\Assignment 1.pdb
I:\Dropbox\Documents\Uni Work\Graphics and games\Assignment\Solar system lighting\Debug\Assignment 1.exe
I:\Dropbox\Documents\Uni Work\Graphics and games\Assignment\Solar system lighting\Debug\Assignment 1.ilk
