I:\DROPBOX\DOCUMENTS\UNI WORK\GRAPHICS AND GAMES\ASSIGNMENT\SOLAR SYSTEM LIGHTING\FRUSTRUM\DEBUG\IMAGELOADER.OBJ
I:\DROPBOX\DOCUMENTS\UNI WORK\GRAPHICS AND GAMES\ASSIGNMENT\SOLAR SYSTEM LIGHTING\FRUSTRUM\DEBUG\SHAPES.OBJ
I:\DROPBOX\DOCUMENTS\UNI WORK\GRAPHICS AND GAMES\ASSIGNMENT\SOLAR SYSTEM LIGHTING\FRUSTRUM\DEBUG\VECTOR.OBJ
I:\DROPBOX\DOCUMENTS\UNI WORK\GRAPHICS AND GAMES\ASSIGNMENT\SOLAR SYSTEM LIGHTING\FRUSTRUM\DEBUG\VIEWINGVOLUME.OBJ
I:\DROPBOX\DOCUMENTS\UNI WORK\GRAPHICS AND GAMES\ASSIGNMENT\SOLAR SYSTEM LIGHTING\FRUSTRUM\DEBUG\VC110.PDB
I:\DROPBOX\DOCUMENTS\UNI WORK\GRAPHICS AND GAMES\ASSIGNMENT\SOLAR SYSTEM LIGHTING\DEBUG\FRUSTRUM.ILK
I:\DROPBOX\DOCUMENTS\UNI WORK\GRAPHICS AND GAMES\ASSIGNMENT\SOLAR SYSTEM LIGHTING\DEBUG\FRUSTRUM.EXE
I:\DROPBOX\DOCUMENTS\UNI WORK\GRAPHICS AND GAMES\ASSIGNMENT\SOLAR SYSTEM LIGHTING\DEBUG\FRUSTRUM.PDB
I:\Dropbox\Documents\Uni Work\Graphics and games\Assignment\Solar system lighting\Frustrum\Debug\imageloader.obj
I:\Dropbox\Documents\Uni Work\Graphics and games\Assignment\Solar system lighting\Frustrum\Debug\Shapes.obj
I:\Dropbox\Documents\Uni Work\Graphics and games\Assignment\Solar system lighting\Frustrum\Debug\Vector.obj
I:\Dropbox\Documents\Uni Work\Graphics and games\Assignment\Solar system lighting\Frustrum\Debug\ViewingVolume.obj
I:\Dropbox\Documents\Uni Work\Graphics and games\Assignment\Solar system lighting\Frustrum\Debug\cl.command.1.tlog
I:\Dropbox\Documents\Uni Work\Graphics and games\Assignment\Solar system lighting\Frustrum\Debug\CL.read.1.tlog
I:\Dropbox\Documents\Uni Work\Graphics and games\Assignment\Solar system lighting\Frustrum\Debug\CL.write.1.tlog
I:\Dropbox\Documents\Uni Work\Graphics and games\Assignment\Solar system lighting\Frustrum\Debug\link-cvtres.read.1.tlog
I:\Dropbox\Documents\Uni Work\Graphics and games\Assignment\Solar system lighting\Frustrum\Debug\link-cvtres.write.1.tlog
I:\Dropbox\Documents\Uni Work\Graphics and games\Assignment\Solar system lighting\Frustrum\Debug\link-rc.read.1.tlog
I:\Dropbox\Documents\Uni Work\Graphics and games\Assignment\Solar system lighting\Frustrum\Debug\link-rc.write.1.tlog
I:\Dropbox\Documents\Uni Work\Graphics and games\Assignment\Solar system lighting\Frustrum\Debug\link.command.1.tlog
I:\Dropbox\Documents\Uni Work\Graphics and games\Assignment\Solar system lighting\Frustrum\Debug\link.read.1.tlog
I:\Dropbox\Documents\Uni Work\Graphics and games\Assignment\Solar system lighting\Frustrum\Debug\link.write.1.tlog
I:\Dropbox\Documents\Uni Work\Graphics and games\Assignment\Solar system lighting\Frustrum\Debug\vc110.idb
I:\Dropbox\Documents\Uni Work\Graphics and games\Assignment\Solar system lighting\Frustrum\Debug\vc110.pdb
I:\Dropbox\Documents\Uni Work\Graphics and games\Assignment\Solar system lighting\Debug\Frustrum.pdb
I:\Dropbox\Documents\Uni Work\Graphics and games\Assignment\Solar system lighting\Debug\Frustrum.exe
I:\Dropbox\Documents\Uni Work\Graphics and games\Assignment\Solar system lighting\Debug\Frustrum.ilk
